[debug] [2020-07-02T13:44:46.143Z] ----------------------------------------------------------------------
[debug] [2020-07-02T13:44:46.146Z] Command:       C:\Program Files\nodejs\node.exe C:\Users\Lucas\AppData\Roaming\npm\node_modules\firebase-tools\lib\bin\firebase.js deploy --only hosting:site-name
[debug] [2020-07-02T13:44:46.147Z] CLI Version:   8.4.3
[debug] [2020-07-02T13:44:46.147Z] Platform:      win32
[debug] [2020-07-02T13:44:46.147Z] Node Version:  v14.3.0
[debug] [2020-07-02T13:44:46.148Z] Time:          Thu Jul 02 2020 10:44:46 GMT-0300 (Horário Padrão de Brasília)
[debug] [2020-07-02T13:44:46.149Z] ----------------------------------------------------------------------
[debug] [2020-07-02T13:44:46.149Z] 
[debug] [2020-07-02T13:44:46.160Z] > command requires scopes: ["email","openid","https://www.googleapis.com/auth/cloudplatformprojects.readonly","https://www.googleapis.com/auth/firebase","https://www.googleapis.com/auth/cloud-platform"]
[debug] [2020-07-02T13:44:46.161Z] > authorizing via signed-in user
[debug] [2020-07-02T13:44:46.161Z] [iam] checking project denuntiare for permissions ["firebase.projects.get","firebasehosting.sites.update"]
[debug] [2020-07-02T13:44:46.165Z] >>> HTTP REQUEST POST https://cloudresourcemanager.googleapis.com/v1/projects/denuntiare:testIamPermissions  
 {"permissions":["firebase.projects.get","firebasehosting.sites.update"]}
[debug] [2020-07-02T13:44:47.247Z] <<< HTTP RESPONSE 200 {"content-type":"application/json; charset=UTF-8","vary":"X-Origin, Referer, Origin,Accept-Encoding","date":"Thu, 02 Jul 2020 13:44:47 GMT","server":"ESF","cache-control":"private","x-xss-protection":"0","x-frame-options":"SAMEORIGIN","x-content-type-options":"nosniff","server-timing":"gfet4t7; dur=747","alt-svc":"h3-29=\":443\"; ma=2592000,h3-27=\":443\"; ma=2592000,h3-25=\":443\"; ma=2592000,h3-T050=\":443\"; ma=2592000,h3-Q050=\":443\"; ma=2592000,h3-Q046=\":443\"; ma=2592000,h3-Q043=\":443\"; ma=2592000,quic=\":443\"; ma=2592000; v=\"46,43\"","accept-ranges":"none","transfer-encoding":"chunked"}
[debug] [2020-07-02T13:44:47.253Z] >>> HTTP REQUEST GET https://firebase.googleapis.com/v1beta1/projects/denuntiare  
 
[debug] [2020-07-02T13:44:47.867Z] <<< HTTP RESPONSE 200 {"content-type":"application/json; charset=UTF-8","vary":"X-Origin, Referer, Origin,Accept-Encoding","date":"Thu, 02 Jul 2020 13:44:47 GMT","server":"ESF","cache-control":"private","x-xss-protection":"0","x-frame-options":"SAMEORIGIN","x-content-type-options":"nosniff","alt-svc":"h3-27=\":443\"; ma=2592000,h3-25=\":443\"; ma=2592000,h3-T050=\":443\"; ma=2592000,h3-Q050=\":443\"; ma=2592000,h3-Q046=\":443\"; ma=2592000,h3-Q043=\":443\"; ma=2592000,quic=\":443\"; ma=2592000; v=\"46,43\"","accept-ranges":"none","transfer-encoding":"chunked"}
[info] 
[info] === Deploying to 'denuntiare'...
[info] 
[info] i  deploying hosting 
[info] 
[info] +  Deploy complete! 
[info] 
[info] Project Console: https://console.firebase.google.com/project/denuntiare/overview
[debug] [2020-07-02T13:44:48.180Z] TypeError: Cannot read property 'deploys' of undefined
    at C:\Users\Lucas\AppData\Roaming\npm\node_modules\firebase-tools\lib\deploy\index.js:84:36
    at processTicksAndRejections (internal/process/task_queues.js:97:5)
[error] 
[error] Error: An unexpected error has occurred.
[debug] [2020-07-02T13:45:25.824Z] ----------------------------------------------------------------------
[debug] [2020-07-02T13:45:25.827Z] Command:       C:\Program Files\nodejs\node.exe C:\Users\Lucas\AppData\Roaming\npm\node_modules\firebase-tools\lib\bin\firebase.js deploy --only hosting:https://denuntiare.github.io/Landing-Page/
[debug] [2020-07-02T13:45:25.827Z] CLI Version:   8.4.3
[debug] [2020-07-02T13:45:25.827Z] Platform:      win32
[debug] [2020-07-02T13:45:25.828Z] Node Version:  v14.3.0
[debug] [2020-07-02T13:45:25.829Z] Time:          Thu Jul 02 2020 10:45:25 GMT-0300 (Horário Padrão de Brasília)
[debug] [2020-07-02T13:45:25.830Z] ----------------------------------------------------------------------
[debug] [2020-07-02T13:45:25.830Z] 
[debug] [2020-07-02T13:45:25.846Z] > command requires scopes: ["email","openid","https://www.googleapis.com/auth/cloudplatformprojects.readonly","https://www.googleapis.com/auth/firebase","https://www.googleapis.com/auth/cloud-platform"]
[debug] [2020-07-02T13:45:25.847Z] > authorizing via signed-in user
[debug] [2020-07-02T13:45:25.847Z] [iam] checking project denuntiare for permissions ["firebase.projects.get","firebasehosting.sites.update"]
[debug] [2020-07-02T13:45:25.853Z] >>> HTTP REQUEST POST https://cloudresourcemanager.googleapis.com/v1/projects/denuntiare:testIamPermissions  
 {"permissions":["firebase.projects.get","firebasehosting.sites.update"]}
[debug] [2020-07-02T13:45:26.947Z] <<< HTTP RESPONSE 200 {"content-type":"application/json; charset=UTF-8","vary":"X-Origin, Referer, Origin,Accept-Encoding","date":"Thu, 02 Jul 2020 13:45:26 GMT","server":"ESF","cache-control":"private","x-xss-protection":"0","x-frame-options":"SAMEORIGIN","x-content-type-options":"nosniff","server-timing":"gfet4t7; dur=729","alt-svc":"h3-29=\":443\"; ma=2592000,h3-27=\":443\"; ma=2592000,h3-25=\":443\"; ma=2592000,h3-T050=\":443\"; ma=2592000,h3-Q050=\":443\"; ma=2592000,h3-Q046=\":443\"; ma=2592000,h3-Q043=\":443\"; ma=2592000,quic=\":443\"; ma=2592000; v=\"46,43\"","accept-ranges":"none","transfer-encoding":"chunked"}
[debug] [2020-07-02T13:45:26.953Z] >>> HTTP REQUEST GET https://firebase.googleapis.com/v1beta1/projects/denuntiare  
 
[debug] [2020-07-02T13:45:27.457Z] <<< HTTP RESPONSE 200 {"content-type":"application/json; charset=UTF-8","vary":"X-Origin, Referer, Origin,Accept-Encoding","date":"Thu, 02 Jul 2020 13:45:27 GMT","server":"ESF","cache-control":"private","x-xss-protection":"0","x-frame-options":"SAMEORIGIN","x-content-type-options":"nosniff","alt-svc":"h3-27=\":443\"; ma=2592000,h3-25=\":443\"; ma=2592000,h3-T050=\":443\"; ma=2592000,h3-Q050=\":443\"; ma=2592000,h3-Q046=\":443\"; ma=2592000,h3-Q043=\":443\"; ma=2592000,quic=\":443\"; ma=2592000; v=\"46,43\"","accept-ranges":"none","transfer-encoding":"chunked"}
[info] 
[info] === Deploying to 'denuntiare'...
[info] 
[info] i  deploying hosting 
[info] 
[info] +  Deploy complete! 
[info] 
[info] Project Console: https://console.firebase.google.com/project/denuntiare/overview
[debug] [2020-07-02T13:45:27.749Z] TypeError: Cannot read property 'deploys' of undefined
    at C:\Users\Lucas\AppData\Roaming\npm\node_modules\firebase-tools\lib\deploy\index.js:84:36
    at processTicksAndRejections (internal/process/task_queues.js:97:5)
[error] 
[error] Error: An unexpected error has occurred.
